24-Feb-2025 02:29:14.022 INFO [main] org.apache.catalina.startup.VersionLoggerListener.log Server version name:   Apache Tomcat/11.0.4
24-Feb-2025 02:29:14.025 INFO [main] org.apache.catalina.startup.VersionLoggerListener.log Server built:          Feb 13 2025 10:17:50 UTC
24-Feb-2025 02:29:14.025 INFO [main] org.apache.catalina.startup.VersionLoggerListener.log Server version number: 11.0.4.0
24-Feb-2025 02:29:14.025 INFO [main] org.apache.catalina.startup.VersionLoggerListener.log OS Name:               Windows 10
24-Feb-2025 02:29:14.025 INFO [main] org.apache.catalina.startup.VersionLoggerListener.log OS Version:            10.0
24-Feb-2025 02:29:14.026 INFO [main] org.apache.catalina.startup.VersionLoggerListener.log Architecture:          amd64
24-Feb-2025 02:29:14.026 INFO [main] org.apache.catalina.startup.VersionLoggerListener.log Java Home:             C:\Program Files\Java\jdk-23
24-Feb-2025 02:29:14.026 INFO [main] org.apache.catalina.startup.VersionLoggerListener.log JVM Version:           23.0.2+7-58
24-Feb-2025 02:29:14.026 INFO [main] org.apache.catalina.startup.VersionLoggerListener.log JVM Vendor:            Oracle Corporation
24-Feb-2025 02:29:14.026 INFO [main] org.apache.catalina.startup.VersionLoggerListener.log CATALINA_BASE:         C:\Users\Jordan\Desktop\code\apache-tomcat-11.0.4
24-Feb-2025 02:29:14.026 INFO [main] org.apache.catalina.startup.VersionLoggerListener.log CATALINA_HOME:         C:\Users\Jordan\Desktop\code\apache-tomcat-11.0.4
24-Feb-2025 02:29:14.032 INFO [main] org.apache.catalina.startup.VersionLoggerListener.log Command line argument: -Djava.util.logging.config.file=C:\Users\Jordan\Desktop\code\apache-tomcat-11.0.4\conf\logging.properties
24-Feb-2025 02:29:14.032 INFO [main] org.apache.catalina.startup.VersionLoggerListener.log Command line argument: -Djava.util.logging.manager=org.apache.juli.ClassLoaderLogManager
24-Feb-2025 02:29:14.033 INFO [main] org.apache.catalina.startup.VersionLoggerListener.log Command line argument: -Djdk.tls.ephemeralDHKeySize=2048
24-Feb-2025 02:29:14.033 INFO [main] org.apache.catalina.startup.VersionLoggerListener.log Command line argument: -Dsun.io.useCanonCaches=false
24-Feb-2025 02:29:14.033 INFO [main] org.apache.catalina.startup.VersionLoggerListener.log Command line argument: --add-opens=java.base/java.lang=ALL-UNNAMED
24-Feb-2025 02:29:14.033 INFO [main] org.apache.catalina.startup.VersionLoggerListener.log Command line argument: --add-opens=java.base/java.io=ALL-UNNAMED
24-Feb-2025 02:29:14.034 INFO [main] org.apache.catalina.startup.VersionLoggerListener.log Command line argument: --add-opens=java.base/java.util=ALL-UNNAMED
24-Feb-2025 02:29:14.034 INFO [main] org.apache.catalina.startup.VersionLoggerListener.log Command line argument: --add-opens=java.base/java.util.concurrent=ALL-UNNAMED
24-Feb-2025 02:29:14.034 INFO [main] org.apache.catalina.startup.VersionLoggerListener.log Command line argument: --add-opens=java.rmi/sun.rmi.transport=ALL-UNNAMED
24-Feb-2025 02:29:14.035 INFO [main] org.apache.catalina.startup.VersionLoggerListener.log Command line argument: --enable-native-access=ALL-UNNAMED
24-Feb-2025 02:29:14.035 INFO [main] org.apache.catalina.startup.VersionLoggerListener.log Command line argument: -Dcatalina.base=C:\Users\Jordan\Desktop\code\apache-tomcat-11.0.4
24-Feb-2025 02:29:14.036 INFO [main] org.apache.catalina.startup.VersionLoggerListener.log Command line argument: -Dcatalina.home=C:\Users\Jordan\Desktop\code\apache-tomcat-11.0.4
24-Feb-2025 02:29:14.036 INFO [main] org.apache.catalina.startup.VersionLoggerListener.log Command line argument: -Djava.io.tmpdir=C:\Users\Jordan\Desktop\code\apache-tomcat-11.0.4\temp
24-Feb-2025 02:29:14.247 INFO [main] org.apache.catalina.core.AprLifecycleListener.lifecycleEvent Loaded Apache Tomcat Native library [2.0.8] using APR version [1.7.4].
24-Feb-2025 02:29:14.251 INFO [main] org.apache.catalina.core.AprLifecycleListener.initializeSSL OpenSSL successfully initialized [OpenSSL 3.0.14 4 Jun 2024]
24-Feb-2025 02:29:14.453 INFO [main] org.apache.coyote.AbstractProtocol.init Initializing ProtocolHandler ["http-nio-8080"]
24-Feb-2025 02:29:14.467 INFO [main] org.apache.catalina.startup.Catalina.load Server initialization in [563] milliseconds
24-Feb-2025 02:29:14.500 INFO [main] org.apache.catalina.core.StandardService.startInternal Starting service [Catalina]
24-Feb-2025 02:29:14.501 INFO [main] org.apache.catalina.core.StandardEngine.startInternal Starting Servlet engine: [Apache Tomcat/11.0.4]
24-Feb-2025 02:29:14.527 INFO [main] org.apache.catalina.startup.HostConfig.deployWAR Deploying web application archive [C:\Users\Jordan\Desktop\code\apache-tomcat-11.0.4\webapps\backend.war]
24-Feb-2025 02:29:17.287 INFO [main] org.apache.jasper.servlet.TldScanner.scanJars At least one JAR was scanned for TLDs yet contained no TLDs. Enable debug logging for this logger for a complete list of JARs that were scanned but no TLDs were found in them. Skipping unneeded JARs during scanning can improve startup time and JSP compilation time.
24-Feb-2025 02:29:17.415 INFO [main] org.apache.catalina.startup.HostConfig.deployWAR Deployment of web application archive [C:\Users\Jordan\Desktop\code\apache-tomcat-11.0.4\webapps\backend.war] has finished in [2,888] ms
24-Feb-2025 02:29:17.416 INFO [main] org.apache.catalina.startup.HostConfig.deployDirectory Deploying web application directory [C:\Users\Jordan\Desktop\code\apache-tomcat-11.0.4\webapps\docs]
24-Feb-2025 02:29:17.449 INFO [main] org.apache.catalina.startup.HostConfig.deployDirectory Deployment of web application directory [C:\Users\Jordan\Desktop\code\apache-tomcat-11.0.4\webapps\docs] has finished in [32] ms
24-Feb-2025 02:29:17.449 INFO [main] org.apache.catalina.startup.HostConfig.deployDirectory Deploying web application directory [C:\Users\Jordan\Desktop\code\apache-tomcat-11.0.4\webapps\examples]
24-Feb-2025 02:29:18.023 INFO [main] org.apache.catalina.startup.HostConfig.deployDirectory Deployment of web application directory [C:\Users\Jordan\Desktop\code\apache-tomcat-11.0.4\webapps\examples] has finished in [574] ms
24-Feb-2025 02:29:18.023 INFO [main] org.apache.catalina.startup.HostConfig.deployDirectory Deploying web application directory [C:\Users\Jordan\Desktop\code\apache-tomcat-11.0.4\webapps\host-manager]
24-Feb-2025 02:29:18.059 INFO [main] org.apache.catalina.startup.HostConfig.deployDirectory Deployment of web application directory [C:\Users\Jordan\Desktop\code\apache-tomcat-11.0.4\webapps\host-manager] has finished in [36] ms
24-Feb-2025 02:29:18.059 INFO [main] org.apache.catalina.startup.HostConfig.deployDirectory Deploying web application directory [C:\Users\Jordan\Desktop\code\apache-tomcat-11.0.4\webapps\manager]
24-Feb-2025 02:29:18.107 INFO [main] org.apache.catalina.startup.HostConfig.deployDirectory Deployment of web application directory [C:\Users\Jordan\Desktop\code\apache-tomcat-11.0.4\webapps\manager] has finished in [48] ms
24-Feb-2025 02:29:18.107 INFO [main] org.apache.catalina.startup.HostConfig.deployDirectory Deploying web application directory [C:\Users\Jordan\Desktop\code\apache-tomcat-11.0.4\webapps\ROOT]
24-Feb-2025 02:29:18.140 INFO [main] org.apache.catalina.startup.HostConfig.deployDirectory Deployment of web application directory [C:\Users\Jordan\Desktop\code\apache-tomcat-11.0.4\webapps\ROOT] has finished in [33] ms
24-Feb-2025 02:29:18.144 INFO [main] org.apache.coyote.AbstractProtocol.start Starting ProtocolHandler ["http-nio-8080"]
24-Feb-2025 02:29:18.166 INFO [main] org.apache.catalina.startup.Catalina.start Server startup in [3698] milliseconds
24-Feb-2025 02:34:36.808 INFO [Thread-1] org.apache.coyote.AbstractProtocol.pause Pausing ProtocolHandler ["http-nio-8080"]
24-Feb-2025 02:34:36.822 INFO [Thread-1] org.apache.catalina.core.StandardService.stopInternal Stopping service [Catalina]
24-Feb-2025 02:34:36.844 INFO [Thread-1] org.apache.coyote.AbstractProtocol.stop Stopping ProtocolHandler ["http-nio-8080"]
24-Feb-2025 02:34:36.857 INFO [Thread-1] org.apache.coyote.AbstractProtocol.destroy Destroying ProtocolHandler ["http-nio-8080"]
24-Feb-2025 02:36:21.717 INFO [main] org.apache.catalina.startup.VersionLoggerListener.log Server version name:   Apache Tomcat/11.0.4
24-Feb-2025 02:36:21.719 INFO [main] org.apache.catalina.startup.VersionLoggerListener.log Server built:          Feb 13 2025 10:17:50 UTC
24-Feb-2025 02:36:21.719 INFO [main] org.apache.catalina.startup.VersionLoggerListener.log Server version number: 11.0.4.0
24-Feb-2025 02:36:21.720 INFO [main] org.apache.catalina.startup.VersionLoggerListener.log OS Name:               Windows 10
24-Feb-2025 02:36:21.720 INFO [main] org.apache.catalina.startup.VersionLoggerListener.log OS Version:            10.0
24-Feb-2025 02:36:21.720 INFO [main] org.apache.catalina.startup.VersionLoggerListener.log Architecture:          amd64
24-Feb-2025 02:36:21.720 INFO [main] org.apache.catalina.startup.VersionLoggerListener.log Java Home:             C:\Program Files\Java\jdk-23
24-Feb-2025 02:36:21.720 INFO [main] org.apache.catalina.startup.VersionLoggerListener.log JVM Version:           23.0.2+7-58
24-Feb-2025 02:36:21.720 INFO [main] org.apache.catalina.startup.VersionLoggerListener.log JVM Vendor:            Oracle Corporation
24-Feb-2025 02:36:21.721 INFO [main] org.apache.catalina.startup.VersionLoggerListener.log CATALINA_BASE:         C:\Users\Jordan\Desktop\code\apache-tomcat-11.0.4
24-Feb-2025 02:36:21.721 INFO [main] org.apache.catalina.startup.VersionLoggerListener.log CATALINA_HOME:         C:\Users\Jordan\Desktop\code\apache-tomcat-11.0.4
24-Feb-2025 02:36:21.727 INFO [main] org.apache.catalina.startup.VersionLoggerListener.log Command line argument: -Djava.util.logging.config.file=C:\Users\Jordan\Desktop\code\apache-tomcat-11.0.4\conf\logging.properties
24-Feb-2025 02:36:21.727 INFO [main] org.apache.catalina.startup.VersionLoggerListener.log Command line argument: -Djava.util.logging.manager=org.apache.juli.ClassLoaderLogManager
24-Feb-2025 02:36:21.727 INFO [main] org.apache.catalina.startup.VersionLoggerListener.log Command line argument: -Djdk.tls.ephemeralDHKeySize=2048
24-Feb-2025 02:36:21.727 INFO [main] org.apache.catalina.startup.VersionLoggerListener.log Command line argument: -Dsun.io.useCanonCaches=false
24-Feb-2025 02:36:21.727 INFO [main] org.apache.catalina.startup.VersionLoggerListener.log Command line argument: --add-opens=java.base/java.lang=ALL-UNNAMED
24-Feb-2025 02:36:21.727 INFO [main] org.apache.catalina.startup.VersionLoggerListener.log Command line argument: --add-opens=java.base/java.io=ALL-UNNAMED
24-Feb-2025 02:36:21.728 INFO [main] org.apache.catalina.startup.VersionLoggerListener.log Command line argument: --add-opens=java.base/java.util=ALL-UNNAMED
24-Feb-2025 02:36:21.728 INFO [main] org.apache.catalina.startup.VersionLoggerListener.log Command line argument: --add-opens=java.base/java.util.concurrent=ALL-UNNAMED
24-Feb-2025 02:36:21.729 INFO [main] org.apache.catalina.startup.VersionLoggerListener.log Command line argument: --add-opens=java.rmi/sun.rmi.transport=ALL-UNNAMED
24-Feb-2025 02:36:21.729 INFO [main] org.apache.catalina.startup.VersionLoggerListener.log Command line argument: --enable-native-access=ALL-UNNAMED
24-Feb-2025 02:36:21.729 INFO [main] org.apache.catalina.startup.VersionLoggerListener.log Command line argument: -Dcatalina.base=C:\Users\Jordan\Desktop\code\apache-tomcat-11.0.4
24-Feb-2025 02:36:21.730 INFO [main] org.apache.catalina.startup.VersionLoggerListener.log Command line argument: -Dcatalina.home=C:\Users\Jordan\Desktop\code\apache-tomcat-11.0.4
24-Feb-2025 02:36:21.730 INFO [main] org.apache.catalina.startup.VersionLoggerListener.log Command line argument: -Djava.io.tmpdir=C:\Users\Jordan\Desktop\code\apache-tomcat-11.0.4\temp
24-Feb-2025 02:36:21.732 INFO [main] org.apache.catalina.core.AprLifecycleListener.lifecycleEvent Loaded Apache Tomcat Native library [2.0.8] using APR version [1.7.4].
24-Feb-2025 02:36:21.736 INFO [main] org.apache.catalina.core.AprLifecycleListener.initializeSSL OpenSSL successfully initialized [OpenSSL 3.0.14 4 Jun 2024]
24-Feb-2025 02:36:21.936 INFO [main] org.apache.coyote.AbstractProtocol.init Initializing ProtocolHandler ["http-nio-8080"]
24-Feb-2025 02:36:21.950 INFO [main] org.apache.catalina.startup.Catalina.load Server initialization in [348] milliseconds
24-Feb-2025 02:36:21.975 INFO [main] org.apache.catalina.core.StandardService.startInternal Starting service [Catalina]
24-Feb-2025 02:36:21.975 INFO [main] org.apache.catalina.core.StandardEngine.startInternal Starting Servlet engine: [Apache Tomcat/11.0.4]
24-Feb-2025 02:36:21.996 INFO [main] org.apache.catalina.startup.HostConfig.deployWAR Deploying web application archive [C:\Users\Jordan\Desktop\code\apache-tomcat-11.0.4\webapps\test.war]
24-Feb-2025 02:36:24.712 INFO [main] org.apache.jasper.servlet.TldScanner.scanJars At least one JAR was scanned for TLDs yet contained no TLDs. Enable debug logging for this logger for a complete list of JARs that were scanned but no TLDs were found in them. Skipping unneeded JARs during scanning can improve startup time and JSP compilation time.
24-Feb-2025 02:36:24.837 INFO [main] org.apache.catalina.startup.HostConfig.deployWAR Deployment of web application archive [C:\Users\Jordan\Desktop\code\apache-tomcat-11.0.4\webapps\test.war] has finished in [2,842] ms
24-Feb-2025 02:36:24.838 INFO [main] org.apache.catalina.startup.HostConfig.deployDirectory Deploying web application directory [C:\Users\Jordan\Desktop\code\apache-tomcat-11.0.4\webapps\backend]
24-Feb-2025 02:36:28.919 INFO [main] org.apache.jasper.servlet.TldScanner.scanJars At least one JAR was scanned for TLDs yet contained no TLDs. Enable debug logging for this logger for a complete list of JARs that were scanned but no TLDs were found in them. Skipping unneeded JARs during scanning can improve startup time and JSP compilation time.
24-Feb-2025 02:36:28.994 INFO [main] org.apache.catalina.startup.HostConfig.deployDirectory Deployment of web application directory [C:\Users\Jordan\Desktop\code\apache-tomcat-11.0.4\webapps\backend] has finished in [4,156] ms
24-Feb-2025 02:36:28.994 INFO [main] org.apache.catalina.startup.HostConfig.deployDirectory Deploying web application directory [C:\Users\Jordan\Desktop\code\apache-tomcat-11.0.4\webapps\docs]
24-Feb-2025 02:36:29.020 INFO [main] org.apache.catalina.startup.HostConfig.deployDirectory Deployment of web application directory [C:\Users\Jordan\Desktop\code\apache-tomcat-11.0.4\webapps\docs] has finished in [26] ms
24-Feb-2025 02:36:29.020 INFO [main] org.apache.catalina.startup.HostConfig.deployDirectory Deploying web application directory [C:\Users\Jordan\Desktop\code\apache-tomcat-11.0.4\webapps\examples]
24-Feb-2025 02:36:29.293 INFO [main] org.apache.catalina.startup.HostConfig.deployDirectory Deployment of web application directory [C:\Users\Jordan\Desktop\code\apache-tomcat-11.0.4\webapps\examples] has finished in [273] ms
24-Feb-2025 02:36:29.294 INFO [main] org.apache.catalina.startup.HostConfig.deployDirectory Deploying web application directory [C:\Users\Jordan\Desktop\code\apache-tomcat-11.0.4\webapps\host-manager]
24-Feb-2025 02:36:29.322 INFO [main] org.apache.catalina.startup.HostConfig.deployDirectory Deployment of web application directory [C:\Users\Jordan\Desktop\code\apache-tomcat-11.0.4\webapps\host-manager] has finished in [28] ms
24-Feb-2025 02:36:29.323 INFO [main] org.apache.catalina.startup.HostConfig.deployDirectory Deploying web application directory [C:\Users\Jordan\Desktop\code\apache-tomcat-11.0.4\webapps\manager]
24-Feb-2025 02:36:29.349 INFO [main] org.apache.catalina.startup.HostConfig.deployDirectory Deployment of web application directory [C:\Users\Jordan\Desktop\code\apache-tomcat-11.0.4\webapps\manager] has finished in [26] ms
24-Feb-2025 02:36:29.350 INFO [main] org.apache.catalina.startup.HostConfig.deployDirectory Deploying web application directory [C:\Users\Jordan\Desktop\code\apache-tomcat-11.0.4\webapps\ROOT]
24-Feb-2025 02:36:29.369 INFO [main] org.apache.catalina.startup.HostConfig.deployDirectory Deployment of web application directory [C:\Users\Jordan\Desktop\code\apache-tomcat-11.0.4\webapps\ROOT] has finished in [19] ms
24-Feb-2025 02:36:29.372 INFO [main] org.apache.coyote.AbstractProtocol.start Starting ProtocolHandler ["http-nio-8080"]
24-Feb-2025 02:36:29.392 INFO [main] org.apache.catalina.startup.Catalina.start Server startup in [7440] milliseconds
24-Feb-2025 02:42:16.938 INFO [main] org.apache.catalina.startup.VersionLoggerListener.log Server version name:   Apache Tomcat/11.0.4
24-Feb-2025 02:42:16.940 INFO [main] org.apache.catalina.startup.VersionLoggerListener.log Server built:          Feb 13 2025 10:17:50 UTC
24-Feb-2025 02:42:16.941 INFO [main] org.apache.catalina.startup.VersionLoggerListener.log Server version number: 11.0.4.0
24-Feb-2025 02:42:16.941 INFO [main] org.apache.catalina.startup.VersionLoggerListener.log OS Name:               Windows 10
24-Feb-2025 02:42:16.941 INFO [main] org.apache.catalina.startup.VersionLoggerListener.log OS Version:            10.0
24-Feb-2025 02:42:16.941 INFO [main] org.apache.catalina.startup.VersionLoggerListener.log Architecture:          amd64
24-Feb-2025 02:42:16.941 INFO [main] org.apache.catalina.startup.VersionLoggerListener.log Java Home:             C:\Program Files\Java\jdk-23
24-Feb-2025 02:42:16.941 INFO [main] org.apache.catalina.startup.VersionLoggerListener.log JVM Version:           23.0.2+7-58
24-Feb-2025 02:42:16.941 INFO [main] org.apache.catalina.startup.VersionLoggerListener.log JVM Vendor:            Oracle Corporation
24-Feb-2025 02:42:16.942 INFO [main] org.apache.catalina.startup.VersionLoggerListener.log CATALINA_BASE:         C:\Users\Jordan\Desktop\code\apache-tomcat-11.0.4
24-Feb-2025 02:42:16.942 INFO [main] org.apache.catalina.startup.VersionLoggerListener.log CATALINA_HOME:         C:\Users\Jordan\Desktop\code\apache-tomcat-11.0.4
24-Feb-2025 02:42:16.949 INFO [main] org.apache.catalina.startup.VersionLoggerListener.log Command line argument: -Djava.util.logging.config.file=C:\Users\Jordan\Desktop\code\apache-tomcat-11.0.4\conf\logging.properties
24-Feb-2025 02:42:16.949 INFO [main] org.apache.catalina.startup.VersionLoggerListener.log Command line argument: -Djava.util.logging.manager=org.apache.juli.ClassLoaderLogManager
24-Feb-2025 02:42:16.950 INFO [main] org.apache.catalina.startup.VersionLoggerListener.log Command line argument: -Djdk.tls.ephemeralDHKeySize=2048
24-Feb-2025 02:42:16.950 INFO [main] org.apache.catalina.startup.VersionLoggerListener.log Command line argument: -Dsun.io.useCanonCaches=false
24-Feb-2025 02:42:16.950 INFO [main] org.apache.catalina.startup.VersionLoggerListener.log Command line argument: --add-opens=java.base/java.lang=ALL-UNNAMED
24-Feb-2025 02:42:16.950 INFO [main] org.apache.catalina.startup.VersionLoggerListener.log Command line argument: --add-opens=java.base/java.io=ALL-UNNAMED
24-Feb-2025 02:42:16.951 INFO [main] org.apache.catalina.startup.VersionLoggerListener.log Command line argument: --add-opens=java.base/java.util=ALL-UNNAMED
24-Feb-2025 02:42:16.951 INFO [main] org.apache.catalina.startup.VersionLoggerListener.log Command line argument: --add-opens=java.base/java.util.concurrent=ALL-UNNAMED
24-Feb-2025 02:42:16.952 INFO [main] org.apache.catalina.startup.VersionLoggerListener.log Command line argument: --add-opens=java.rmi/sun.rmi.transport=ALL-UNNAMED
24-Feb-2025 02:42:16.952 INFO [main] org.apache.catalina.startup.VersionLoggerListener.log Command line argument: --enable-native-access=ALL-UNNAMED
24-Feb-2025 02:42:16.953 INFO [main] org.apache.catalina.startup.VersionLoggerListener.log Command line argument: -Dcatalina.base=C:\Users\Jordan\Desktop\code\apache-tomcat-11.0.4
24-Feb-2025 02:42:16.953 INFO [main] org.apache.catalina.startup.VersionLoggerListener.log Command line argument: -Dcatalina.home=C:\Users\Jordan\Desktop\code\apache-tomcat-11.0.4
24-Feb-2025 02:42:16.954 INFO [main] org.apache.catalina.startup.VersionLoggerListener.log Command line argument: -Djava.io.tmpdir=C:\Users\Jordan\Desktop\code\apache-tomcat-11.0.4\temp
24-Feb-2025 02:42:16.955 INFO [main] org.apache.catalina.core.AprLifecycleListener.lifecycleEvent Loaded Apache Tomcat Native library [2.0.8] using APR version [1.7.4].
24-Feb-2025 02:42:16.959 INFO [main] org.apache.catalina.core.AprLifecycleListener.initializeSSL OpenSSL successfully initialized [OpenSSL 3.0.14 4 Jun 2024]
24-Feb-2025 02:42:17.153 INFO [main] org.apache.coyote.AbstractProtocol.init Initializing ProtocolHandler ["http-nio-8080"]
24-Feb-2025 02:42:17.165 INFO [main] org.apache.catalina.startup.Catalina.load Server initialization in [340] milliseconds
24-Feb-2025 02:42:17.192 INFO [main] org.apache.catalina.core.StandardService.startInternal Starting service [Catalina]
24-Feb-2025 02:42:17.192 INFO [main] org.apache.catalina.core.StandardEngine.startInternal Starting Servlet engine: [Apache Tomcat/11.0.4]
24-Feb-2025 02:42:17.219 INFO [main] org.apache.catalina.startup.HostConfig.deployWAR Deploying web application archive [C:\Users\Jordan\Desktop\code\apache-tomcat-11.0.4\webapps\sample.war]
24-Feb-2025 02:42:17.426 INFO [main] org.apache.catalina.startup.HostConfig.deployWAR Deployment of web application archive [C:\Users\Jordan\Desktop\code\apache-tomcat-11.0.4\webapps\sample.war] has finished in [207] ms
24-Feb-2025 02:42:17.428 INFO [main] org.apache.catalina.startup.HostConfig.deployWAR Deploying web application archive [C:\Users\Jordan\Desktop\code\apache-tomcat-11.0.4\webapps\test.war]
24-Feb-2025 02:42:20.006 INFO [main] org.apache.jasper.servlet.TldScanner.scanJars At least one JAR was scanned for TLDs yet contained no TLDs. Enable debug logging for this logger for a complete list of JARs that were scanned but no TLDs were found in them. Skipping unneeded JARs during scanning can improve startup time and JSP compilation time.
24-Feb-2025 02:42:20.098 INFO [main] org.apache.catalina.startup.HostConfig.deployWAR Deployment of web application archive [C:\Users\Jordan\Desktop\code\apache-tomcat-11.0.4\webapps\test.war] has finished in [2,670] ms
24-Feb-2025 02:42:20.098 INFO [main] org.apache.catalina.startup.HostConfig.deployDirectory Deploying web application directory [C:\Users\Jordan\Desktop\code\apache-tomcat-11.0.4\webapps\docs]
24-Feb-2025 02:42:20.123 INFO [main] org.apache.catalina.startup.HostConfig.deployDirectory Deployment of web application directory [C:\Users\Jordan\Desktop\code\apache-tomcat-11.0.4\webapps\docs] has finished in [25] ms
24-Feb-2025 02:42:20.124 INFO [main] org.apache.catalina.startup.HostConfig.deployDirectory Deploying web application directory [C:\Users\Jordan\Desktop\code\apache-tomcat-11.0.4\webapps\examples]
24-Feb-2025 02:42:20.396 INFO [main] org.apache.catalina.startup.HostConfig.deployDirectory Deployment of web application directory [C:\Users\Jordan\Desktop\code\apache-tomcat-11.0.4\webapps\examples] has finished in [272] ms
24-Feb-2025 02:42:20.397 INFO [main] org.apache.catalina.startup.HostConfig.deployDirectory Deploying web application directory [C:\Users\Jordan\Desktop\code\apache-tomcat-11.0.4\webapps\host-manager]
24-Feb-2025 02:42:20.427 INFO [main] org.apache.catalina.startup.HostConfig.deployDirectory Deployment of web application directory [C:\Users\Jordan\Desktop\code\apache-tomcat-11.0.4\webapps\host-manager] has finished in [30] ms
24-Feb-2025 02:42:20.427 INFO [main] org.apache.catalina.startup.HostConfig.deployDirectory Deploying web application directory [C:\Users\Jordan\Desktop\code\apache-tomcat-11.0.4\webapps\manager]
24-Feb-2025 02:42:20.456 INFO [main] org.apache.catalina.startup.HostConfig.deployDirectory Deployment of web application directory [C:\Users\Jordan\Desktop\code\apache-tomcat-11.0.4\webapps\manager] has finished in [29] ms
24-Feb-2025 02:42:20.456 INFO [main] org.apache.catalina.startup.HostConfig.deployDirectory Deploying web application directory [C:\Users\Jordan\Desktop\code\apache-tomcat-11.0.4\webapps\ROOT]
24-Feb-2025 02:42:20.476 INFO [main] org.apache.catalina.startup.HostConfig.deployDirectory Deployment of web application directory [C:\Users\Jordan\Desktop\code\apache-tomcat-11.0.4\webapps\ROOT] has finished in [20] ms
24-Feb-2025 02:42:20.480 INFO [main] org.apache.coyote.AbstractProtocol.start Starting ProtocolHandler ["http-nio-8080"]
24-Feb-2025 02:42:20.499 INFO [main] org.apache.catalina.startup.Catalina.start Server startup in [3331] milliseconds
